2025-12-11 15:19:45.526 [I] OutOfScheduleSetPointLogic: Connector 1 is in setPoint schedule.
2025-12-11 15:19:45.527 [I] GridCodes: Request to accept setpoint is ignored (no diff comparing to current: { Source: ocpp EvseID: 1, V2XMode: CentralSetpoint, { P: {power_W: 5000} }, { Q: {power_W: 0} }} )
2025-12-11 15:19:46.020 [I] OutOfScheduleSetPointLogic: Connector 1 is in setPoint schedule.
2025-12-11 15:19:46.021 [I] GridCodes: Request to accept setpoint is ignored (no diff comparing to current: { Source: ocpp EvseID: 1, V2XMode: CentralSetpoint, { P: {power_W: 5000} }, { Q: {power_W: 0} }} )
2025-12-11 15:19:46.547 [I] PhasesInUseWatcher: Stop protective timer
2025-12-11 15:19:46.547 [I] PhasesInUseWatcher: Report Three Phase configuration detected
2025-12-11 15:19:46.547 [I] SinglePhaseConsumptionLimitation: Set phases used: Three
2025-12-11 15:19:46.573 [I] GridCodes: Setpoint is recalculated and published (reason: Meter Data ): { Source: ocpp EvseID: 1, V2XMode: CentralSetpoint, { P: {power_W: 5000} }, { Q: {power_W: 0} }}
2025-12-11 15:19:46.573 [I] OutOfScheduleSetPointLogic: Connector 1 is in setPoint schedule.
2025-12-11 15:19:46.574 [I] GridCodes: Request to accept setpoint is ignored (no diff comparing to current: { Source: ocpp EvseID: 1, V2XMode: CentralSetpoint, { P: {power_W: 5000} }, { Q: {power_W: 0} }} )
2025-12-11 15:19:47.074 [I] OutOfScheduleSetPointLogic: Connector 1 is in setPoint schedule.
2025-12-11 15:19:47.074 [I] GridCodes: Request to accept setpoint is ignored (no diff comparing to current: { Source: ocpp EvseID: 1, V2XMode: CentralSetpoint, { P: {power_W: 5000} }, { Q: {power_W: 0} }} )
2025-12-11 15:19:47.596 [I] PhasesInUseWatcher: Start protective timer for 10 seconds
2025-12-11 15:19:47.596 [I] SinglePhaseConsumptionLimitation: Set phases used: Undefined
2025-12-11 15:19:47.623 [I] GridCodes: Setpoint is recalculated and published (reason: Meter Data ): { Source: ocpp EvseID: 1, V2XMode: CentralSetpoint, { P: {power_W: 5000} }, { Q: {power_W: 0} }}
2025-12-11 15:19:47.624 [I] OutOfScheduleSetPointLogic: Connector 1 is in setPoint schedule.
2025-12-11 15:19:47.624 [I] GridCodes: Request to accept setpoint is ignored (no diff comparing to current: { Source: ocpp EvseID: 1, V2XMode: CentralSetpoint, { P: {power_W: 5000} }, { Q: {power_W: 0} }} )
2025-12-11 15:19:48.119 [I] OutOfScheduleSetPointLogic: Connector 1 is in setPoint schedule.
2025-12-11 15:19:48.119 [I] GridCodes: Request to accept setpoint is ignored (no diff comparing to current: { Source: ocpp EvseID: 1, V2XMode: CentralSetpoint, { P: {power_W: 5000} }, { Q: {power_W: 0} }} )
2025-12-11 15:19:48.648 [I] PhasesInUseWatcher: Stop protective timer
2025-12-11 15:19:48.648 [I] PhasesInUseWatcher: Report Three Phase configuration detected
2025-12-11 15:19:48.648 [I] SinglePhaseConsumptionLimitation: Set phases used: Three
2025-12-11 15:19:48.673 [I] GridCodes: Setpoint is recalculated and published (reason: Meter Data ): { Source: ocpp EvseID: 1, V2XMode: CentralSetpoint, { P: {power_W: 5000} }, { Q: {power_W: 0} }}
2025-12-11 15:19:48.674 [I] OutOfScheduleSetPointLogic: Connector 1 is in setPoint schedule.
2025-12-11 15:19:48.675 [I] GridCodes: Request to accept setpoint is ignored (no diff comparing to current: { Source: ocpp EvseID: 1, V2XMode: CentralSetpoint, { P: {power_W: 5000} }, { Q: {power_W: 0} }} )
