2025-12-08 13:58:30.815 [I] LimitsApplication: Got confirmation from RandomizedDelay for limit request 37
2025-12-08 13:58:30.815 [I] LimitsApplication: Limits remove processing finished: source HALDerateController request id: 37
2025-12-08 13:58:30.816 [I] LimitsApplication: Delete limits task added
2025-12-08 13:58:30.816 [I] LimitsApplication: Starting processing removing from HALDerateControllerPowerBoard with id: 38 Ask processor RandomizedDelay
2025-12-08 13:58:30.816 [I] LimitsApplication: Got confirmation from RandomizedDelay for limit request 38
2025-12-08 13:58:30.816 [I] LimitsApplication: Limits remove processing finished: source HALDerateControllerPowerBoard request id: 38
2025-12-08 13:58:30.817 [I] LimitsApplication: Delete limits task added
2025-12-08 13:58:30.819 [I] LimitsApplication: Starting processing removing from HALDerateControllerMainBoard with id: 39 Ask processor RandomizedDelay
2025-12-08 13:58:30.819 [I] LimitsApplication: Got confirmation from RandomizedDelay for limit request 39
2025-12-08 13:58:30.819 [I] LimitsApplication: Limits remove processing finished: source HALDerateControllerMainBoard request id: 39
2025-12-08 13:59:00.814 [I] LimitsApplication: Delete limits task added
2025-12-08 13:59:00.814 [I] LimitsApplication: Starting processing removing from HALDerateController with id: 40 Ask processor RandomizedDelay
2025-12-08 13:59:00.814 [I] LimitsApplication: Got confirmation from RandomizedDelay for limit request 40
2025-12-08 13:59:00.814 [I] LimitsApplication: Limits remove processing finished: source HALDerateController request id: 40
2025-12-08 13:59:00.815 [I] LimitsApplication: Delete limits task added
2025-12-08 13:59:00.815 [I] LimitsApplication: Starting processing removing from HALDerateControllerPowerBoard with id: 41 Ask processor RandomizedDelay
2025-12-08 13:59:00.815 [I] LimitsApplication: Got confirmation from RandomizedDelay for limit request 41
2025-12-08 13:59:00.815 [I] LimitsApplication: Limits remove processing finished: source HALDerateControllerPowerBoard request id: 41
2025-12-08 13:59:00.815 [I] LimitsApplication: Delete limits task added
2025-12-08 13:59:00.815 [I] LimitsApplication: Starting processing removing from HALDerateControllerMainBoard with id: 42 Ask processor RandomizedDelay
2025-12-08 13:59:00.815 [I] LimitsApplication: Got confirmation from RandomizedDelay for limit request 42
2025-12-08 13:59:00.815 [I] LimitsApplication: Limits remove processing finished: source HALDerateControllerMainBoard request id: 42
