2025-12-11 15:20:07.552 [I] iotc-meter: Power Board Meter (0x00000000699afad3) meter values (reported 4 times before):
2025-12-11 15:20:07.552 [I] iotc-meter: Slice: {"source":"Power Board Meter", "timestamp":1765466407551463, "values":{"POWER_ACTIVE_W": 0, "POWER_REACTIVE_var": 0, "POWER_APPARENT_VA": 0, "ENERGY_ACTIVE_TOTAL_Ws": 2074841856, "VOLTAGE_RMS_PHASE_A_mV": 252928, "VOLTAGE_RMS_PHASE_B_mV": 252357, "VOLTAGE_RMS_PHASE_C_mV": 252776, "CURRENT_RMS_PHASE_A_mA": 0, "CURRENT_RMS_PHASE_B_mA": 0, "CURRENT_RMS_PHASE_C_mA": 0, "CURRENT_NEUTRAL_mA": 0, "POWER_ACTIVE_PHASE_A_W": 0, "POWER_ACTIVE_PHASE_B_W": 0, "POWER_ACTIVE_PHASE_C_W": 0, "POWER_REACTIVE_PHASE_A_var": 0, "POWER_REACTIVE_PHASE_B_var": 0, "POWER_REACTIVE_PHASE_C_var": 0, "POWER_APPARENT_PHASE_A_VA": 0, "POWER_APPARENT_PHASE_B_VA": 0, "POWER_APPARENT_PHASE_C_VA": 0, "POWER_FACTOR": 0, "POWER_FACTOR_PHASE_A": 0, "POWER_FACTOR_PHASE_B": 0, "POWER_FACTOR_PHASE_C": 0, "FREQUENCY_mHz": 50040, "ENERGY_ACTIVE_POSITIVE_Ws": 1247266816, "ENERGY_ACTIVE_NEGATIVE_Ws": 827575232, "POWER_ACTIVE_POSITIVE_W": 0, "POWER_ACTIVE_NEGATIVE_W": 0, "ENERGY_REACTIVE_TOTAL_vars": 158875200, "ENERGY_REACTIVE_POSITIVE_vars": 158875200}}
2025-12-11 15:20:08.773 [I] iotc-meter: keep alive message from meter: Power Board Meter (0x00000000699afad3), manufacturer: IoTecha, model: Power Board Meter
2025-12-11 15:20:08.867 [I] iotc-meter: keep alive message from meter: EVPLCCom-Virtual-Meter-1 (0x000000006fe10292), manufacturer: IoTecha, model: EVPLCCom-Virtual-Meter
2025-12-11 15:20:10.773 [I] iotc-meter: keep alive message from meter: Power Board Meter (0x00000000699afad3), manufacturer: IoTecha, model: Power Board Meter
2025-12-11 15:20:10.867 [I] iotc-meter: keep alive message from meter: EVPLCCom-Virtual-Meter-1 (0x000000006fe10292), manufacturer: IoTecha, model: EVPLCCom-Virtual-Meter
2025-12-11 15:20:12.769 [I] iotc-meter: Power Board Meter (0x00000000699afad3) meter values (reported 4 times before):
2025-12-11 15:20:12.769 [I] iotc-meter: Slice: {"source":"Power Board Meter", "timestamp":1765466412767281, "values":{"POWER_ACTIVE_W": 4779, "POWER_REACTIVE_var": -88, "POWER_APPARENT_VA": 4067, "ENERGY_ACTIVE_TOTAL_Ws": 2074852864, "VOLTAGE_RMS_PHASE_A_mV": 252524, "VOLTAGE_RMS_PHASE_B_mV": 252231, "VOLTAGE_RMS_PHASE_C_mV": 251982, "CURRENT_RMS_PHASE_A_mA": 6297, "CURRENT_RMS_PHASE_B_mA": 6396, "CURRENT_RMS_PHASE_C_mA": 6297, "CURRENT_NEUTRAL_mA": 82, "POWER_ACTIVE_PHASE_A_W": 1590, "POWER_ACTIVE_PHASE_B_W": 1607, "POWER_ACTIVE_PHASE_C_W": 1581, "POWER_REACTIVE_PHASE_A_var": -46, "POWER_REACTIVE_PHASE_B_var": -41, "POWER_REACTIVE_PHASE_C_var": 0, "POWER_APPARENT_PHASE_A_VA": 1555, "POWER_APPARENT_PHASE_B_VA": 1533, "POWER_APPARENT_PHASE_C_VA": 1486, "POWER_FACTOR": 998, "POWER_FACTOR_PHASE_A": 1000, "POWER_FACTOR_PHASE_B": 1000, "POWER_FACTOR_PHASE_C": 1000, "FREQUENCY_mHz": 50040, "ENERGY_ACTIVE_POSITIVE_Ws": 1247277568, "ENERGY_ACTIVE_NEGATIVE_Ws": 827575232, "POWER_ACTIVE_POSITIVE_W": 2581, "POWER_ACTIVE_NEGATIVE_W": 0, "ENERGY_REACTIVE_TOTAL_vars": 158875200, "ENERGY_REACTIVE_POSITIVE_vars": 158875200}}
2025-12-11 15:20:12.788 [I] iotc-meter: keep alive message from meter: Power Board Meter (0x00000000699afad3), manufacturer: IoTecha, model: Power Board Meter
2025-12-11 15:20:12.867 [I] iotc-meter: keep alive message from meter: EVPLCCom-Virtual-Meter-1 (0x000000006fe10292), manufacturer: IoTecha, model: EVPLCCom-Virtual-Meter
2025-12-11 15:20:14.773 [I] iotc-meter: keep alive message from meter: Power Board Meter (0x00000000699afad3), manufacturer: IoTecha, model: Power Board Meter
2025-12-11 15:20:14.876 [I] iotc-meter: keep alive message from meter: EVPLCCom-Virtual-Meter-1 (0x000000006fe10292), manufacturer: IoTecha, model: EVPLCCom-Virtual-Meter
2025-12-11 15:20:16.772 [I] iotc-meter: keep alive message from meter: Power Board Meter (0x00000000699afad3), manufacturer: IoTecha, model: Power Board Meter
2025-12-11 15:20:16.867 [I] iotc-meter: keep alive message from meter: EVPLCCom-Virtual-Meter-1 (0x000000006fe10292), manufacturer: IoTecha, model: EVPLCCom-Virtual-Meter
2025-12-11 15:20:18.021 [I] iotc-meter: Power Board Meter (0x00000000699afad3) meter values (reported 4 times before):
2025-12-11 15:20:18.021 [I] iotc-meter: Slice: {"source":"Power Board Meter", "timestamp":1765466418020154, "values":{"POWER_ACTIVE_W": 4799, "POWER_REACTIVE_var": -60, "POWER_APPARENT_VA": 0, "ENERGY_ACTIVE_TOTAL_Ws": 2074867200, "VOLTAGE_RMS_PHASE_A_mV": 252596, "VOLTAGE_RMS_PHASE_B_mV": 252212, "VOLTAGE_RMS_PHASE_C_mV": 251962, "CURRENT_RMS_PHASE_A_mA": 6298, "CURRENT_RMS_PHASE_B_mA": 6402, "CURRENT_RMS_PHASE_C_mA": 6287, "CURRENT_NEUTRAL_mA": 8, "POWER_ACTIVE_PHASE_A_W": 1593, "POWER_ACTIVE_PHASE_B_W": 1600, "POWER_ACTIVE_PHASE_C_W": 1585, "POWER_REACTIVE_PHASE_A_var": -40, "POWER_REACTIVE_PHASE_B_var": -15, "POWER_REACTIVE_PHASE_C_var": -5, "POWER_APPARENT_PHASE_A_VA": 0, "POWER_APPARENT_PHASE_B_VA": 0, "POWER_APPARENT_PHASE_C_VA": 0, "POWER_FACTOR": 250, "POWER_FACTOR_PHASE_A": -737, "POWER_FACTOR_PHASE_B": 923, "POWER_FACTOR_PHASE_C": 912, "FREQUENCY_mHz": 50040, "ENERGY_ACTIVE_POSITIVE_Ws": 1247292032, "ENERGY_ACTIVE_NEGATIVE_Ws": 827575232, "POWER_ACTIVE_POSITIVE_W": 0, "POWER_ACTIVE_NEGATIVE_W": 0, "ENERGY_REACTIVE_TOTAL_vars": 158875200, "ENERGY_REACTIVE_POSITIVE_vars": 158875200}}
2025-12-11 15:20:18.779 [I] iotc-meter: keep alive message from meter: Power Board Meter (0x00000000699afad3), manufacturer: IoTecha, model: Power Board Meter
2025-12-11 15:20:18.867 [I] iotc-meter: keep alive message from meter: EVPLCCom-Virtual-Meter-1 (0x000000006fe10292), manufacturer: IoTecha, model: EVPLCCom-Virtual-Meter
2025-12-11 15:20:20.773 [I] iotc-meter: keep alive message from meter: Power Board Meter (0x00000000699afad3), manufacturer: IoTecha, model: Power Board Meter
2025-12-11 15:20:20.867 [I] iotc-meter: keep alive message from meter: EVPLCCom-Virtual-Meter-1 (0x000000006fe10292), manufacturer: IoTecha, model: EVPLCCom-Virtual-Meter
2025-12-11 15:20:22.773 [I] iotc-meter: keep alive message from meter: Power Board Meter (0x00000000699afad3), manufacturer: IoTecha, model: Power Board Meter
2025-12-11 15:20:22.866 [I] iotc-meter: keep alive message from meter: EVPLCCom-Virtual-Meter-1 (0x000000006fe10292), manufacturer: IoTecha, model: EVPLCCom-Virtual-Meter
2025-12-11 15:20:23.249 [I] iotc-meter: Power Board Meter (0x00000000699afad3) meter values (reported 4 times before):
2025-12-11 15:20:23.249 [I] iotc-meter: Slice: {"source":"Power Board Meter", "timestamp":1765466423248559, "values":{"POWER_ACTIVE_W": 4570, "POWER_REACTIVE_var": -51, "POWER_APPARENT_VA": 4759, "ENERGY_ACTIVE_TOTAL_Ws": 2074881664, "VOLTAGE_RMS_PHASE_A_mV": 252603, "VOLTAGE_RMS_PHASE_B_mV": 252188, "VOLTAGE_RMS_PHASE_C_mV": 252071, "CURRENT_RMS_PHASE_A_mA": 5403, "CURRENT_RMS_PHASE_B_mA": 5426, "CURRENT_RMS_PHASE_C_mA": 5390, "CURRENT_NEUTRAL_mA": 298, "POWER_ACTIVE_PHASE_A_W": 1355, "POWER_ACTIVE_PHASE_B_W": 1362, "POWER_ACTIVE_PHASE_C_W": 1362, "POWER_REACTIVE_PHASE_A_var": -37, "POWER_REACTIVE_PHASE_B_var": -8, "POWER_REACTIVE_PHASE_C_var": -3, "POWER_APPARENT_PHASE_A_VA": 1588, "POWER_APPARENT_PHASE_B_VA": 1603, "POWER_APPARENT_PHASE_C_VA": 1567, "POWER_FACTOR": 1000, "POWER_FACTOR_PHASE_A": 1000, "POWER_FACTOR_PHASE_B": 1000, "POWER_FACTOR_PHASE_C": 1000, "FREQUENCY_mHz": 50040, "ENERGY_ACTIVE_POSITIVE_Ws": 1247306368, "ENERGY_ACTIVE_NEGATIVE_Ws": 827575232, "POWER_ACTIVE_POSITIVE_W": 3, "POWER_ACTIVE_NEGATIVE_W": 0, "ENERGY_REACTIVE_TOTAL_vars": 158875200, "ENERGY_REACTIVE_POSITIVE_vars": 158875200}}
2025-12-11 15:20:24.773 [I] iotc-meter: keep alive message from meter: Power Board Meter (0x00000000699afad3), manufacturer: IoTecha, model: Power Board Meter
2025-12-11 15:20:24.873 [I] iotc-meter: keep alive message from meter: EVPLCCom-Virtual-Meter-1 (0x000000006fe10292), manufacturer: IoTecha, model: EVPLCCom-Virtual-Meter
2025-12-11 15:20:26.773 [I] iotc-meter: keep alive message from meter: Power Board Meter (0x00000000699afad3), manufacturer: IoTecha, model: Power Board Meter
2025-12-11 15:20:26.867 [I] iotc-meter: keep alive message from meter: EVPLCCom-Virtual-Meter-1 (0x000000006fe10292), manufacturer: IoTecha, model: EVPLCCom-Virtual-Meter
2025-12-11 15:20:28.501 [I] iotc-meter: Power Board Meter (0x00000000699afad3) meter values (reported 4 times before):
2025-12-11 15:20:28.501 [I] iotc-meter: Slice: {"source":"Power Board Meter", "timestamp":1765466428495314, "values":{"POWER_ACTIVE_W": 6, "POWER_REACTIVE_var": 9, "POWER_APPARENT_VA": 124, "ENERGY_ACTIVE_TOTAL_Ws": 2074892416, "VOLTAGE_RMS_PHASE_A_mV": 253121, "VOLTAGE_RMS_PHASE_B_mV": 252406, "VOLTAGE_RMS_PHASE_C_mV": 252681, "CURRENT_RMS_PHASE_A_mA": 0, "CURRENT_RMS_PHASE_B_mA": 0, "CURRENT_RMS_PHASE_C_mA": 0, "CURRENT_NEUTRAL_mA": 0, "POWER_ACTIVE_PHASE_A_W": -12, "POWER_ACTIVE_PHASE_B_W": 0, "POWER_ACTIVE_PHASE_C_W": 18, "POWER_REACTIVE_PHASE_A_var": -186, "POWER_REACTIVE_PHASE_B_var": 0, "POWER_REACTIVE_PHASE_C_var": -178, "POWER_APPARENT_PHASE_A_VA": 0, "POWER_APPARENT_PHASE_B_VA": 72, "POWER_APPARENT_PHASE_C_VA": 116, "POWER_FACTOR": 0, "POWER_FACTOR_PHASE_A": 0, "POWER_FACTOR_PHASE_B": 0, "POWER_FACTOR_PHASE_C": 0, "FREQUENCY_mHz": 50030, "ENERGY_ACTIVE_POSITIVE_Ws": 1247317120, "ENERGY_ACTIVE_NEGATIVE_Ws": 827575232, "POWER_ACTIVE_POSITIVE_W": 4802, "POWER_ACTIVE_NEGATIVE_W": 0, "ENERGY_REACTIVE_TOTAL_vars": 158875200, "ENERGY_REACTIVE_POSITIVE_vars": 158875200}}
2025-12-11 15:20:28.773 [I] iotc-meter: keep alive message from meter: Power Board Meter (0x00000000699afad3), manufacturer: IoTecha, model: Power Board Meter
2025-12-11 15:20:28.866 [I] iotc-meter: keep alive message from meter: EVPLCCom-Virtual-Meter-1 (0x000000006fe10292), manufacturer: IoTecha, model: EVPLCCom-Virtual-Meter
2025-12-11 15:20:30.773 [I] iotc-meter: keep alive message from meter: Power Board Meter (0x00000000699afad3), manufacturer: IoTecha, model: Power Board Meter
2025-12-11 15:20:30.871 [I] iotc-meter: keep alive message from meter: EVPLCCom-Virtual-Meter-1 (0x000000006fe10292), manufacturer: IoTecha, model: EVPLCCom-Virtual-Meter
2025-12-11 15:20:32.773 [I] iotc-meter: keep alive message from meter: Power Board Meter (0x00000000699afad3), manufacturer: IoTecha, model: Power Board Meter
2025-12-11 15:20:32.867 [I] iotc-meter: keep alive message from meter: EVPLCCom-Virtual-Meter-1 (0x000000006fe10292), manufacturer: IoTecha, model: EVPLCCom-Virtual-Meter
2025-12-11 15:20:33.756 [I] iotc-meter: Power Board Meter (0x00000000699afad3) meter values (reported 4 times before):
2025-12-11 15:20:33.756 [I] iotc-meter: Slice: {"source":"Power Board Meter", "timestamp":1765466433755806, "values":{"POWER_ACTIVE_W": 0, "POWER_REACTIVE_var": 0, "POWER_APPARENT_VA": 0, "ENERGY_ACTIVE_TOTAL_Ws": 2074903168, "VOLTAGE_RMS_PHASE_A_mV": 252503, "VOLTAGE_RMS_PHASE_B_mV": 252455, "VOLTAGE_RMS_PHASE_C_mV": 252165, "CURRENT_RMS_PHASE_A_mA": 6026, "CURRENT_RMS_PHASE_B_mA": 5392, "CURRENT_RMS_PHASE_C_mA": 5997, "CURRENT_NEUTRAL_mA": 93, "POWER_ACTIVE_PHASE_A_W": 0, "POWER_ACTIVE_PHASE_B_W": 0, "POWER_ACTIVE_PHASE_C_W": 0, "POWER_REACTIVE_PHASE_A_var": 0, "POWER_REACTIVE_PHASE_B_var": 0, "POWER_REACTIVE_PHASE_C_var": 0, "POWER_APPARENT_PHASE_A_VA": 0, "POWER_APPARENT_PHASE_B_VA": 0, "POWER_APPARENT_PHASE_C_VA": 0, "POWER_FACTOR": 1000, "POWER_FACTOR_PHASE_A": 1000, "POWER_FACTOR_PHASE_B": 1000, "POWER_FACTOR_PHASE_C": 1000, "FREQUENCY_mHz": 50060, "ENERGY_ACTIVE_POSITIVE_Ws": 1247328000, "ENERGY_ACTIVE_NEGATIVE_Ws": 827575232, "POWER_ACTIVE_POSITIVE_W": 0, "POWER_ACTIVE_NEGATIVE_W": 0, "ENERGY_REACTIVE_TOTAL_vars": 158875200, "ENERGY_REACTIVE_POSITIVE_vars": 158875200}}
2025-12-11 15:20:34.792 [I] iotc-meter: keep alive message from meter: Power Board Meter (0x00000000699afad3), manufacturer: IoTecha, model: Power Board Meter
2025-12-11 15:20:34.867 [I] iotc-meter: keep alive message from meter: EVPLCCom-Virtual-Meter-1 (0x000000006fe10292), manufacturer: IoTecha, model: EVPLCCom-Virtual-Meter
2025-12-11 15:20:36.773 [I] iotc-meter: keep alive message from meter: Power Board Meter (0x00000000699afad3), manufacturer: IoTecha, model: Power Board Meter
2025-12-11 15:20:36.867 [I] iotc-meter: keep alive message from meter: EVPLCCom-Virtual-Meter-1 (0x000000006fe10292), manufacturer: IoTecha, model: EVPLCCom-Virtual-Meter
2025-12-11 15:20:38.773 [I] iotc-meter: keep alive message from meter: Power Board Meter (0x00000000699afad3), manufacturer: IoTecha, model: Power Board Meter
2025-12-11 15:20:38.867 [I] iotc-meter: keep alive message from meter: EVPLCCom-Virtual-Meter-1 (0x000000006fe10292), manufacturer: IoTecha, model: EVPLCCom-Virtual-Meter
2025-12-11 15:20:39.002 [I] iotc-meter: Power Board Meter (0x00000000699afad3) meter values (reported 4 times before):
2025-12-11 15:20:39.003 [I] iotc-meter: Slice: {"source":"Power Board Meter", "timestamp":1765466439000753, "values":{"POWER_ACTIVE_W": 4783, "POWER_REACTIVE_var": -50, "POWER_APPARENT_VA": 4783, "ENERGY_ACTIVE_TOTAL_Ws": 2074913920, "VOLTAGE_RMS_PHASE_A_mV": 252584, "VOLTAGE_RMS_PHASE_B_mV": 252226, "VOLTAGE_RMS_PHASE_C_mV": 251986, "CURRENT_RMS_PHASE_A_mA": 6309, "CURRENT_RMS_PHASE_B_mA": 6379, "CURRENT_RMS_PHASE_C_mA": 6283, "CURRENT_NEUTRAL_mA": 0, "POWER_ACTIVE_PHASE_A_W": 1590, "POWER_ACTIVE_PHASE_B_W": 1609, "POWER_ACTIVE_PHASE_C_W": 1584, "POWER_REACTIVE_PHASE_A_var": -28, "POWER_REACTIVE_PHASE_B_var": -22, "POWER_REACTIVE_PHASE_C_var": -6, "POWER_APPARENT_PHASE_A_VA": 1589, "POWER_APPARENT_PHASE_B_VA": 1604, "POWER_APPARENT_PHASE_C_VA": 1590, "POWER_FACTOR": 0, "POWER_FACTOR_PHASE_A": 0, "POWER_FACTOR_PHASE_B": 0, "POWER_FACTOR_PHASE_C": 0, "FREQUENCY_mHz": 50040, "ENERGY_ACTIVE_POSITIVE_Ws": 1247338752, "ENERGY_ACTIVE_NEGATIVE_Ws": 827575232, "POWER_ACTIVE_POSITIVE_W": 4077, "POWER_ACTIVE_NEGATIVE_W": 0, "ENERGY_REACTIVE_TOTAL_vars": 158875200, "ENERGY_REACTIVE_POSITIVE_vars": 158875200}}
2025-12-11 15:20:40.773 [I] iotc-meter: keep alive message from meter: Power Board Meter (0x00000000699afad3), manufacturer: IoTecha, model: Power Board Meter
2025-12-11 15:20:40.867 [I] iotc-meter: keep alive message from meter: EVPLCCom-Virtual-Meter-1 (0x000000006fe10292), manufacturer: IoTecha, model: EVPLCCom-Virtual-Meter
2025-12-11 15:20:42.773 [I] iotc-meter: keep alive message from meter: Power Board Meter (0x00000000699afad3), manufacturer: IoTecha, model: Power Board Meter
2025-12-11 15:20:42.867 [I] iotc-meter: keep alive message from meter: EVPLCCom-Virtual-Meter-1 (0x000000006fe10292), manufacturer: IoTecha, model: EVPLCCom-Virtual-Meter
2025-12-11 15:20:44.225 [I] iotc-meter: Power Board Meter (0x00000000699afad3) meter values (reported 4 times before):
2025-12-11 15:20:44.226 [I] iotc-meter: Slice: {"source":"Power Board Meter", "timestamp":1765466444223921, "values":{"POWER_ACTIVE_W": 4792, "POWER_REACTIVE_var": -54, "POWER_APPARENT_VA": 4772, "ENERGY_ACTIVE_TOTAL_Ws": 2074928512, "VOLTAGE_RMS_PHASE_A_mV": 252656, "VOLTAGE_RMS_PHASE_B_mV": 252326, "VOLTAGE_RMS_PHASE_C_mV": 252042, "CURRENT_RMS_PHASE_A_mA": 6091, "CURRENT_RMS_PHASE_B_mA": 6179, "CURRENT_RMS_PHASE_C_mA": 6114, "CURRENT_NEUTRAL_mA": 90, "POWER_ACTIVE_PHASE_A_W": 1600, "POWER_ACTIVE_PHASE_B_W": 1606, "POWER_ACTIVE_PHASE_C_W": 1585, "POWER_REACTIVE_PHASE_A_var": -27, "POWER_REACTIVE_PHASE_B_var": -11, "POWER_REACTIVE_PHASE_C_var": -12, "POWER_APPARENT_PHASE_A_VA": 1594, "POWER_APPARENT_PHASE_B_VA": 1608, "POWER_APPARENT_PHASE_C_VA": 1585, "POWER_FACTOR": 958, "POWER_FACTOR_PHASE_A": 1000, "POWER_FACTOR_PHASE_B": 1000, "POWER_FACTOR_PHASE_C": 1000, "FREQUENCY_mHz": 50030, "ENERGY_ACTIVE_POSITIVE_Ws": 1247353216, "ENERGY_ACTIVE_NEGATIVE_Ws": 827575232, "POWER_ACTIVE_POSITIVE_W": 4688, "POWER_ACTIVE_NEGATIVE_W": 0, "ENERGY_REACTIVE_TOTAL_vars": 158875200, "ENERGY_REACTIVE_POSITIVE_vars": 158875200}}
2025-12-11 15:20:44.772 [I] iotc-meter: keep alive message from meter: Power Board Meter (0x00000000699afad3), manufacturer: IoTecha, model: Power Board Meter
2025-12-11 15:20:44.867 [I] iotc-meter: keep alive message from meter: EVPLCCom-Virtual-Meter-1 (0x000000006fe10292), manufacturer: IoTecha, model: EVPLCCom-Virtual-Meter
2025-12-11 15:20:46.773 [I] iotc-meter: keep alive message from meter: Power Board Meter (0x00000000699afad3), manufacturer: IoTecha, model: Power Board Meter
2025-12-11 15:20:46.867 [I] iotc-meter: keep alive message from meter: EVPLCCom-Virtual-Meter-1 (0x000000006fe10292), manufacturer: IoTecha, model: EVPLCCom-Virtual-Meter
2025-12-11 15:20:48.773 [I] iotc-meter: keep alive message from meter: Power Board Meter (0x00000000699afad3), manufacturer: IoTecha, model: Power Board Meter
2025-12-11 15:20:48.868 [I] iotc-meter: keep alive message from meter: EVPLCCom-Virtual-Meter-1 (0x000000006fe10292), manufacturer: IoTecha, model: EVPLCCom-Virtual-Meter
2025-12-11 15:20:49.473 [I] iotc-meter: Power Board Meter (0x00000000699afad3) meter values (reported 4 times before):
2025-12-11 15:20:49.473 [I] iotc-meter: Slice: {"source":"Power Board Meter", "timestamp":1765466449471120, "values":{"POWER_ACTIVE_W": 4788, "POWER_REACTIVE_var": -56, "POWER_APPARENT_VA": 4782, "ENERGY_ACTIVE_TOTAL_Ws": 2074935552, "VOLTAGE_RMS_PHASE_A_mV": 252279, "VOLTAGE_RMS_PHASE_B_mV": 252486, "VOLTAGE_RMS_PHASE_C_mV": 252217, "CURRENT_RMS_PHASE_A_mA": 6278, "CURRENT_RMS_PHASE_B_mA": 6413, "CURRENT_RMS_PHASE_C_mA": 6303, "CURRENT_NEUTRAL_mA": 124, "POWER_ACTIVE_PHASE_A_W": 1592, "POWER_ACTIVE_PHASE_B_W": 1605, "POWER_ACTIVE_PHASE_C_W": 1590, "POWER_REACTIVE_PHASE_A_var": -35, "POWER_REACTIVE_PHASE_B_var": -13, "POWER_REACTIVE_PHASE_C_var": -7, "POWER_APPARENT_PHASE_A_VA": 1586, "POWER_APPARENT_PHASE_B_VA": 1608, "POWER_APPARENT_PHASE_C_VA": 1586, "POWER_FACTOR": 1000, "POWER_FACTOR_PHASE_A": 1000, "POWER_FACTOR_PHASE_B": 1000, "POWER_FACTOR_PHASE_C": 1000, "FREQUENCY_mHz": 50040, "ENERGY_ACTIVE_POSITIVE_Ws": 1247360512, "ENERGY_ACTIVE_NEGATIVE_Ws": 827575232, "POWER_ACTIVE_POSITIVE_W": 4549, "POWER_ACTIVE_NEGATIVE_W": 0, "ENERGY_REACTIVE_TOTAL_vars": 158875200, "ENERGY_REACTIVE_POSITIVE_vars": 158875200}}
2025-12-11 15:20:50.773 [I] iotc-meter: keep alive message from meter: Power Board Meter (0x00000000699afad3), manufacturer: IoTecha, model: Power Board Meter
2025-12-11 15:20:50.867 [I] iotc-meter: keep alive message from meter: EVPLCCom-Virtual-Meter-1 (0x000000006fe10292), manufacturer: IoTecha, model: EVPLCCom-Virtual-Meter
2025-12-11 15:20:52.774 [I] iotc-meter: keep alive message from meter: Power Board Meter (0x00000000699afad3), manufacturer: IoTecha, model: Power Board Meter
2025-12-11 15:20:52.867 [I] iotc-meter: keep alive message from meter: EVPLCCom-Virtual-Meter-1 (0x000000006fe10292), manufacturer: IoTecha, model: EVPLCCom-Virtual-Meter
2025-12-11 15:20:54.717 [I] iotc-meter: Power Board Meter (0x00000000699afad3) meter values (reported 4 times before):
2025-12-11 15:20:54.717 [I] iotc-meter: Slice: {"source":"Power Board Meter", "timestamp":1765466454714783, "values":{"POWER_ACTIVE_W": 0, "POWER_REACTIVE_var": 0, "POWER_APPARENT_VA": 0, "ENERGY_ACTIVE_TOTAL_Ws": 2074946432, "VOLTAGE_RMS_PHASE_A_mV": 252888, "VOLTAGE_RMS_PHASE_B_mV": 252903, "VOLTAGE_RMS_PHASE_C_mV": 252435, "CURRENT_RMS_PHASE_A_mA": 0, "CURRENT_RMS_PHASE_B_mA": 0, "CURRENT_RMS_PHASE_C_mA": 0, "CURRENT_NEUTRAL_mA": 0, "POWER_ACTIVE_PHASE_A_W": -11, "POWER_ACTIVE_PHASE_B_W": -8, "POWER_ACTIVE_PHASE_C_W": -18, "POWER_REACTIVE_PHASE_A_var": 0, "POWER_REACTIVE_PHASE_B_var": 0, "POWER_REACTIVE_PHASE_C_var": 0, "POWER_APPARENT_PHASE_A_VA": 0, "POWER_APPARENT_PHASE_B_VA": 0, "POWER_APPARENT_PHASE_C_VA": 0, "POWER_FACTOR": 0, "POWER_FACTOR_PHASE_A": 0, "POWER_FACTOR_PHASE_B": 0, "POWER_FACTOR_PHASE_C": 0, "FREQUENCY_mHz": 50040, "ENERGY_ACTIVE_POSITIVE_Ws": 1247371264, "ENERGY_ACTIVE_NEGATIVE_Ws": 827575232, "POWER_ACTIVE_POSITIVE_W": 90, "POWER_ACTIVE_NEGATIVE_W": 0, "ENERGY_REACTIVE_TOTAL_vars": 158875200, "ENERGY_REACTIVE_POSITIVE_vars": 158875200}}
2025-12-11 15:20:54.772 [I] iotc-meter: keep alive message from meter: Power Board Meter (0x00000000699afad3), manufacturer: IoTecha, model: Power Board Meter
2025-12-11 15:20:54.867 [I] iotc-meter: keep alive message from meter: EVPLCCom-Virtual-Meter-1 (0x000000006fe10292), manufacturer: IoTecha, model: EVPLCCom-Virtual-Meter
2025-12-11 15:20:56.774 [I] iotc-meter: keep alive message from meter: Power Board Meter (0x00000000699afad3), manufacturer: IoTecha, model: Power Board Meter
2025-12-11 15:20:56.866 [I] iotc-meter: keep alive message from meter: EVPLCCom-Virtual-Meter-1 (0x000000006fe10292), manufacturer: IoTecha, model: EVPLCCom-Virtual-Meter
2025-12-11 15:20:58.773 [I] iotc-meter: keep alive message from meter: Power Board Meter (0x00000000699afad3), manufacturer: IoTecha, model: Power Board Meter
2025-12-11 15:20:58.867 [I] iotc-meter: keep alive message from meter: EVPLCCom-Virtual-Meter-1 (0x000000006fe10292), manufacturer: IoTecha, model: EVPLCCom-Virtual-Meter
2025-12-11 15:20:59.967 [I] iotc-meter: Power Board Meter (0x00000000699afad3) meter values (reported 4 times before):
2025-12-11 15:20:59.967 [I] iotc-meter: Slice: {"source":"Power Board Meter", "timestamp":1765466459965562, "values":{"POWER_ACTIVE_W": 4792, "POWER_REACTIVE_var": -56, "POWER_APPARENT_VA": 4788, "ENERGY_ACTIVE_TOTAL_Ws": 2074957312, "VOLTAGE_RMS_PHASE_A_mV": 252567, "VOLTAGE_RMS_PHASE_B_mV": 252181, "VOLTAGE_RMS_PHASE_C_mV": 251942, "CURRENT_RMS_PHASE_A_mA": 6310, "CURRENT_RMS_PHASE_B_mA": 6383, "CURRENT_RMS_PHASE_C_mA": 6274, "CURRENT_NEUTRAL_mA": 80, "POWER_ACTIVE_PHASE_A_W": 1601, "POWER_ACTIVE_PHASE_B_W": 1607, "POWER_ACTIVE_PHASE_C_W": 1583, "POWER_REACTIVE_PHASE_A_var": -53, "POWER_REACTIVE_PHASE_B_var": -16, "POWER_REACTIVE_PHASE_C_var": -20, "POWER_APPARENT_PHASE_A_VA": 1592, "POWER_APPARENT_PHASE_B_VA": 1611, "POWER_APPARENT_PHASE_C_VA": 1584, "POWER_FACTOR": 1000, "POWER_FACTOR_PHASE_A": 1000, "POWER_FACTOR_PHASE_B": 1000, "POWER_FACTOR_PHASE_C": 1000, "FREQUENCY_mHz": 50070, "ENERGY_ACTIVE_POSITIVE_Ws": 1247382016, "ENERGY_ACTIVE_NEGATIVE_Ws": 827575232, "POWER_ACTIVE_POSITIVE_W": 0, "POWER_ACTIVE_NEGATIVE_W": 12, "ENERGY_REACTIVE_TOTAL_vars": 158878800, "ENERGY_REACTIVE_POSITIVE_vars": 158878800}}
2025-12-11 15:21:00.772 [I] iotc-meter: keep alive message from meter: Power Board Meter (0x00000000699afad3), manufacturer: IoTecha, model: Power Board Meter
2025-12-11 15:21:00.867 [I] iotc-meter: keep alive message from meter: EVPLCCom-Virtual-Meter-1 (0x000000006fe10292), manufacturer: IoTecha, model: EVPLCCom-Virtual-Meter
2025-12-11 15:21:02.773 [I] iotc-meter: keep alive message from meter: Power Board Meter (0x00000000699afad3), manufacturer: IoTecha, model: Power Board Meter
2025-12-11 15:21:02.867 [I] iotc-meter: keep alive message from meter: EVPLCCom-Virtual-Meter-1 (0x000000006fe10292), manufacturer: IoTecha, model: EVPLCCom-Virtual-Meter
2025-12-11 15:21:04.773 [I] iotc-meter: keep alive message from meter: Power Board Meter (0x00000000699afad3), manufacturer: IoTecha, model: Power Board Meter
2025-12-11 15:21:04.867 [I] iotc-meter: keep alive message from meter: EVPLCCom-Virtual-Meter-1 (0x000000006fe10292), manufacturer: IoTecha, model: EVPLCCom-Virtual-Meter
2025-12-11 15:21:05.231 [I] iotc-meter: Power Board Meter (0x00000000699afad3) meter values (reported 4 times before):
2025-12-11 15:21:05.231 [I] iotc-meter: Slice: {"source":"Power Board Meter", "timestamp":1765466465229878, "values":{"POWER_ACTIVE_W": 4787, "POWER_REACTIVE_var": -51, "POWER_APPARENT_VA": 4120, "ENERGY_ACTIVE_TOTAL_Ws": 2074968064, "VOLTAGE_RMS_PHASE_A_mV": 252468, "VOLTAGE_RMS_PHASE_B_mV": 252183, "VOLTAGE_RMS_PHASE_C_mV": 252374, "CURRENT_RMS_PHASE_A_mA": 6298, "CURRENT_RMS_PHASE_B_mA": 6395, "CURRENT_RMS_PHASE_C_mA": 6302, "CURRENT_NEUTRAL_mA": 0, "POWER_ACTIVE_PHASE_A_W": 1596, "POWER_ACTIVE_PHASE_B_W": 1608, "POWER_ACTIVE_PHASE_C_W": 1582, "POWER_REACTIVE_PHASE_A_var": -36, "POWER_REACTIVE_PHASE_B_var": -15, "POWER_REACTIVE_PHASE_C_var": 0, "POWER_APPARENT_PHASE_A_VA": 1378, "POWER_APPARENT_PHASE_B_VA": 1376, "POWER_APPARENT_PHASE_C_VA": 1364, "POWER_FACTOR": 989, "POWER_FACTOR_PHASE_A": 1000, "POWER_FACTOR_PHASE_B": 1000, "POWER_FACTOR_PHASE_C": 1000, "FREQUENCY_mHz": 50060, "ENERGY_ACTIVE_POSITIVE_Ws": 1247392768, "ENERGY_ACTIVE_NEGATIVE_Ws": 827575232, "POWER_ACTIVE_POSITIVE_W": 4570, "POWER_ACTIVE_NEGATIVE_W": 0, "ENERGY_REACTIVE_TOTAL_vars": 158878800, "ENERGY_REACTIVE_POSITIVE_vars": 158878800}}
2025-12-11 15:21:06.772 [I] iotc-meter: keep alive message from meter: Power Board Meter (0x00000000699afad3), manufacturer: IoTecha, model: Power Board Meter
2025-12-11 15:21:06.867 [I] iotc-meter: keep alive message from meter: EVPLCCom-Virtual-Meter-1 (0x000000006fe10292), manufacturer: IoTecha, model: EVPLCCom-Virtual-Meter
